# JRE version: OpenJDK Runtime Environment (21.0.4) (build 21.0.4+-12508038-b607.1)
# Java VM: OpenJDK 64-Bit Server VM (21.0.4+-12508038-b607.1, mixed mode, tiered, compressed oops, compressed class ptrs, g1 gc, windows-amd64)
GC Precious Log:
 CardTable entry size: 512
 Card Set container configuration: InlinePtr #cards 5 size 8 Array Of Cards #cards 12 size 40 Howl #buckets 4 coarsen threshold 1843 Howl Bitmap #cards 512 size 80 coarsen threshold 460 Card regions per heap region 1 cards per card region 2048
 CPUs: 12 total, 12 available
 Memory: 16122M
 Large Page Support: Disabled
 NUMA Support: Disabled
 Compressed Oops: Enabled (32-bit)
 Heap Region Size: 1M
 Heap Min Capacity: 8M
 Heap Initial Capacity: 252M
 Heap Max Capacity: 1G
 Pre-touch: Disabled
 Parallel Workers: 10
 Concurrent Workers: 3
 Concurrent Refinement Workers: 10
 Periodic GC: Disabled
Heap:
 garbage-first heap   total 306176K, used 196382K [0x00000000c0000000, 0x0000000100000000)
  region size 1024K, 19 young (19456K), 10 survivors (10240K)
 Metaspace       used 125999K, committed 128320K, reserved 1179648K
  class space    used 17005K, committed 18176K, reserved 1048576K
GC Heap History (20 events):
Event: 12.821 GC heap before
{Heap before GC invocations=46 (full 0):
 garbage-first heap   total 273408K, used 214666K [0x00000000c0000000, 0x0000000100000000)
  region size 1024K, 56 young (57344K), 6 survivors (6144K)
 Metaspace       used 115113K, committed 117376K, reserved 1179648K
  class space    used 15642K, committed 16768K, reserved 1048576K
}
Event: 12.824 GC heap after
{Heap after GC invocations=47 (full 0):
 garbage-first heap   total 273408K, used 165788K [0x00000000c0000000, 0x0000000100000000)
  region size 1024K, 5 young (5120K), 5 survivors (5120K)
 Metaspace       used 115113K, committed 117376K, reserved 1179648K
  class space    used 15642K, committed 16768K, reserved 1048576K
}
Event: 13.322 GC heap before
{Heap before GC invocations=47 (full 0):
 garbage-first heap   total 273408K, used 247708K [0x00000000c0000000, 0x0000000100000000)
  region size 1024K, 86 young (88064K), 5 survivors (5120K)
 Metaspace       used 115113K, committed 117376K, reserved 1179648K
  class space    used 15642K, committed 16768K, reserved 1048576K
}
Event: 13.325 GC heap after
{Heap after GC invocations=48 (full 0):
 garbage-first heap   total 273408K, used 167525K [0x00000000c0000000, 0x0000000100000000)
  region size 1024K, 7 young (7168K), 7 survivors (7168K)
 Metaspace       used 115113K, committed 117376K, reserved 1179648K
  class space    used 15642K, committed 16768K, reserved 1048576K
}
Event: 13.846 GC heap before
{Heap before GC invocations=48 (full 0):
 garbage-first heap   total 273408K, used 251493K [0x00000000c0000000, 0x0000000100000000)
  region size 1024K, 89 young (91136K), 7 survivors (7168K)
 Metaspace       used 115113K, committed 117376K, reserved 1179648K
  class space    used 15642K, committed 16768K, reserved 1048576K
}
Event: 13.849 GC heap after
{Heap after GC invocations=49 (full 0):
 garbage-first heap   total 273408K, used 169610K [0x00000000c0000000, 0x0000000100000000)
  region size 1024K, 8 young (8192K), 8 survivors (8192K)
 Metaspace       used 115113K, committed 117376K, reserved 1179648K
  class space    used 15642K, committed 16768K, reserved 1048576K
}
Event: 14.468 GC heap before
{Heap before GC invocations=49 (full 0):
 garbage-first heap   total 273408K, used 250506K [0x00000000c0000000, 0x0000000100000000)
  region size 1024K, 87 young (89088K), 8 survivors (8192K)
 Metaspace       used 115125K, committed 117376K, reserved 1179648K
  class space    used 15645K, committed 16768K, reserved 1048576K
}
Event: 14.472 GC heap after
{Heap after GC invocations=50 (full 0):
 garbage-first heap   total 273408K, used 172093K [0x00000000c0000000, 0x0000000100000000)
  region size 1024K, 9 young (9216K), 9 survivors (9216K)
 Metaspace       used 115125K, committed 117376K, reserved 1179648K
  class space    used 15645K, committed 16768K, reserved 1048576K
}
Event: 14.963 GC heap before
{Heap before GC invocations=50 (full 0):
 garbage-first heap   total 273408K, used 248893K [0x00000000c0000000, 0x0000000100000000)
  region size 1024K, 84 young (86016K), 9 survivors (9216K)
 Metaspace       used 115125K, committed 117376K, reserved 1179648K
  class space    used 15645K, committed 16768K, reserved 1048576K
}
Event: 14.966 GC heap after
{Heap after GC invocations=51 (full 0):
 garbage-first heap   total 273408K, used 174628K [0x00000000c0000000, 0x0000000100000000)
  region size 1024K, 9 young (9216K), 9 survivors (9216K)
 Metaspace       used 115125K, committed 117376K, reserved 1179648K
  class space    used 15645K, committed 16768K, reserved 1048576K
}
Event: 15.370 GC heap before
{Heap before GC invocations=52 (full 0):
 garbage-first heap   total 293888K, used 247332K [0x00000000c0000000, 0x0000000100000000)
  region size 1024K, 80 young (81920K), 9 survivors (9216K)
 Metaspace       used 115126K, committed 117376K, reserved 1179648K
  class space    used 15645K, committed 16768K, reserved 1048576K
}
Event: 15.373 GC heap after
{Heap after GC invocations=53 (full 0):
 garbage-first heap   total 293888K, used 176802K [0x00000000c0000000, 0x0000000100000000)
  region size 1024K, 8 young (8192K), 8 survivors (8192K)
 Metaspace       used 115126K, committed 117376K, reserved 1179648K
  class space    used 15645K, committed 16768K, reserved 1048576K
}
Event: 15.797 GC heap before
{Heap before GC invocations=53 (full 0):
 garbage-first heap   total 293888K, used 268962K [0x00000000c0000000, 0x0000000100000000)
  region size 1024K, 98 young (100352K), 8 survivors (8192K)
 Metaspace       used 115126K, committed 117376K, reserved 1179648K
  class space    used 15645K, committed 16768K, reserved 1048576K
}
Event: 15.801 GC heap after
{Heap after GC invocations=54 (full 0):
 garbage-first heap   total 293888K, used 178849K [0x00000000c0000000, 0x0000000100000000)
  region size 1024K, 9 young (9216K), 9 survivors (9216K)
 Metaspace       used 115126K, committed 117376K, reserved 1179648K
  class space    used 15645K, committed 16768K, reserved 1048576K
}
Event: 16.300 GC heap before
{Heap before GC invocations=54 (full 0):
 garbage-first heap   total 293888K, used 267937K [0x00000000c0000000, 0x0000000100000000)
  region size 1024K, 96 young (98304K), 9 survivors (9216K)
 Metaspace       used 115128K, committed 117376K, reserved 1179648K
  class space    used 15645K, committed 16768K, reserved 1048576K
}
Event: 16.304 GC heap after
{Heap after GC invocations=55 (full 0):
 garbage-first heap   total 293888K, used 182649K [0x00000000c0000000, 0x0000000100000000)
  region size 1024K, 10 young (10240K), 10 survivors (10240K)
 Metaspace       used 115128K, committed 117376K, reserved 1179648K
  class space    used 15645K, committed 16768K, reserved 1048576K
}
Event: 16.820 GC heap before
{Heap before GC invocations=56 (full 0):
 garbage-first heap   total 306176K, used 265593K [0x00000000c0000000, 0x0000000100000000)
  region size 1024K, 92 young (94208K), 10 survivors (10240K)
 Metaspace       used 115480K, committed 117696K, reserved 1179648K
  class space    used 15671K, committed 16768K, reserved 1048576K
}
Event: 16.825 GC heap after
{Heap after GC invocations=57 (full 0):
 garbage-first heap   total 306176K, used 185260K [0x00000000c0000000, 0x0000000100000000)
  region size 1024K, 9 young (9216K), 9 survivors (9216K)
 Metaspace       used 115480K, committed 117696K, reserved 1179648K
  class space    used 15671K, committed 16768K, reserved 1048576K
}
Event: 17.994 GC heap before
{Heap before GC invocations=57 (full 0):
 garbage-first heap   total 306176K, used 280492K [0x00000000c0000000, 0x0000000100000000)
  region size 1024K, 101 young (103424K), 9 survivors (9216K)
 Metaspace       used 125277K, committed 127616K, reserved 1179648K
  class space    used 16930K, committed 18112K, reserved 1048576K
}
Event: 18.000 GC heap after
{Heap after GC invocations=58 (full 0):
 garbage-first heap   total 306176K, used 188190K [0x00000000c0000000, 0x0000000100000000)
  region size 1024K, 10 young (10240K), 10 survivors (10240K)
 Metaspace       used 125277K, committed 127616K, reserved 1179648K
  class space    used 16930K, committed 18112K, reserved 1048576K
}

